[16:37:37] [ServerMain/INFO]: Environment: authHost='https://authserver.mojang.com', accountsHost='https://api.mojang.com', sessionHost='https://sessionserver.mojang.com', servicesHost='https://api.minecraftservices.com', name='PROD'
[16:37:37] [ServerMain/INFO]: Loaded 7 recipes
[16:37:38] [Server thread/INFO]: Starting minecraft server version 1.19.4
[16:37:38] [Server thread/INFO]: Loading properties
[16:37:38] [Server thread/INFO]: This server is running CraftBukkit version 3714-Spigot-b31949f-3ae9069 (MC: 1.19.4) (Implementing API version 1.19.4-R0.1-SNAPSHOT)
[16:37:38] [Server thread/INFO]: Server Ping Player Sample Count: 12
[16:37:38] [Server thread/INFO]: Using 4 threads for Netty based IO
[16:37:38] [Server thread/INFO]: Debug logging is disabled
[16:37:38] [Server thread/INFO]: Default game type: CREATIVE
[16:37:38] [Server thread/INFO]: Generating keypair
[16:37:38] [Server thread/INFO]: Starting Minecraft server on *:25565
[16:37:38] [Server thread/INFO]: Using default channel type
[16:37:38] [Server thread/WARN]: Initializing Legacy Material Support. Unless you have legacy plugins and/or data this is a bug!
[16:37:39] [Server thread/WARN]: Legacy plugin SetSpawn v3.4 does not specify an api-version.
[16:37:39] [Server thread/WARN]: Legacy plugin ELCI v1.12.1 does not specify an api-version.
[16:37:39] [Server thread/INFO]: [SetSpawn] Loading SetSpawn v3.4
[16:37:39] [Server thread/INFO]: [ELCI] Loading ELCI v1.12.1
[16:37:39] [Server thread/WARN]: **** SERVER IS RUNNING IN OFFLINE/INSECURE MODE!
[16:37:39] [Server thread/WARN]: The server will make no attempt to authenticate usernames. Beware.
[16:37:39] [Server thread/WARN]: While this makes the game possible to play without internet access, it also opens up the ability for hackers to connect with any username they choose.
[16:37:39] [Server thread/WARN]: To change this, set "online-mode" to "true" in the server.properties file.
[16:37:39] [Server thread/INFO]: Preparing level "world"
[16:37:39] [Server thread/INFO]: -------- World Settings For [world] --------
[16:37:39] [Server thread/INFO]: Cactus Growth Modifier: 100%
[16:37:39] [Server thread/INFO]: Cane Growth Modifier: 100%
[16:37:39] [Server thread/INFO]: Melon Growth Modifier: 100%
[16:37:39] [Server thread/INFO]: Mushroom Growth Modifier: 100%
[16:37:39] [Server thread/INFO]: Pumpkin Growth Modifier: 100%
[16:37:39] [Server thread/INFO]: Sapling Growth Modifier: 100%
[16:37:39] [Server thread/INFO]: Beetroot Growth Modifier: 100%
[16:37:39] [Server thread/INFO]: Carrot Growth Modifier: 100%
[16:37:39] [Server thread/INFO]: Potato Growth Modifier: 100%
[16:37:39] [Server thread/INFO]: Wheat Growth Modifier: 100%
[16:37:39] [Server thread/INFO]: NetherWart Growth Modifier: 100%
[16:37:39] [Server thread/INFO]: Vine Growth Modifier: 100%
[16:37:39] [Server thread/INFO]: Cocoa Growth Modifier: 100%
[16:37:39] [Server thread/INFO]: Bamboo Growth Modifier: 100%
[16:37:39] [Server thread/INFO]: SweetBerry Growth Modifier: 100%
[16:37:39] [Server thread/INFO]: Kelp Growth Modifier: 100%
[16:37:39] [Server thread/INFO]: TwistingVines Growth Modifier: 100%
[16:37:39] [Server thread/INFO]: WeepingVines Growth Modifier: 100%
[16:37:39] [Server thread/INFO]: CaveVines Growth Modifier: 100%
[16:37:39] [Server thread/INFO]: Allow Zombie Pigmen to spawn from portal blocks: true
[16:37:39] [Server thread/INFO]: Arrow Despawn Rate: 1200 Trident Respawn Rate:1200
[16:37:39] [Server thread/INFO]: Item Despawn Rate: 6000
[16:37:39] [Server thread/INFO]: View Distance: 10
[16:37:39] [Server thread/INFO]: Simulation Distance: 10
[16:37:39] [Server thread/INFO]: Item Merge Radius: 2.5
[16:37:39] [Server thread/INFO]: Nerfing mobs spawned from spawners: false
[16:37:39] [Server thread/INFO]: Zombie Aggressive Towards Villager: true
[16:37:39] [Server thread/INFO]: Hopper Transfer: 8 Hopper Check: 1 Hopper Amount: 1 Hopper Can Load Chunks: false
[16:37:39] [Server thread/INFO]: Entity Tracking Range: Pl 48 / An 48 / Mo 48 / Mi 32 / Other 64
[16:37:39] [Server thread/INFO]: Entity Activation Range: An 32 / Mo 32 / Ra 48 / Mi 16 / Tiv true / Isa false
[16:37:39] [Server thread/INFO]: Max TNT Explosions: 100
[16:37:39] [Server thread/INFO]: Tile Max Tick Time: 50ms Entity max Tick Time: 50ms
[16:37:39] [Server thread/INFO]: Custom Map Seeds:  Village: 10387312 Desert: 14357617 Igloo: 14357618 Jungle: 14357619 Swamp: 14357620 Monument: 10387313 Ocean: 14357621 Shipwreck: 165745295 End City: 10387313 Slime: 987234911 Nether: 30084232 Mansion: 10387319 Fossil: 14357921 Portal: 34222645
[16:37:39] [Server thread/INFO]: Experience Merge Radius: 3.0
[16:37:39] [Server thread/INFO]: Mob Spawn Range: 6
[16:37:39] [Server thread/INFO]: Preparing start region for dimension minecraft:overworld
[16:37:40] [Worker-Main-3/INFO]: Preparing spawn area: 0%
[16:37:40] [Worker-Main-3/INFO]: Preparing spawn area: 0%
[16:37:40] [Worker-Main-4/INFO]: Preparing spawn area: 0%
[16:37:41] [Worker-Main-6/INFO]: Preparing spawn area: 0%
[16:37:41] [Worker-Main-7/INFO]: Preparing spawn area: 0%
[16:37:42] [Worker-Main-3/INFO]: Preparing spawn area: 0%
[16:37:42] [Worker-Main-2/INFO]: Preparing spawn area: 1%
[16:37:43] [Worker-Main-4/INFO]: Preparing spawn area: 5%
[16:37:43] [Worker-Main-9/INFO]: Preparing spawn area: 10%
[16:37:44] [Worker-Main-4/INFO]: Preparing spawn area: 15%
[16:37:44] [Worker-Main-7/INFO]: Preparing spawn area: 20%
[16:37:45] [Worker-Main-5/INFO]: Preparing spawn area: 26%
[16:37:45] [Worker-Main-2/INFO]: Preparing spawn area: 32%
[16:37:46] [Worker-Main-1/INFO]: Preparing spawn area: 38%
[16:37:46] [Worker-Main-2/INFO]: Preparing spawn area: 46%
[16:37:47] [Worker-Main-2/INFO]: Preparing spawn area: 54%
[16:37:47] [Worker-Main-2/INFO]: Preparing spawn area: 60%
[16:37:48] [Worker-Main-9/INFO]: Preparing spawn area: 68%
[16:37:48] [Worker-Main-7/INFO]: Preparing spawn area: 74%
[16:37:49] [Worker-Main-2/INFO]: Preparing spawn area: 83%
[16:37:49] [Worker-Main-2/INFO]: Preparing spawn area: 90%
[16:37:50] [Worker-Main-5/INFO]: Preparing spawn area: 96%
[16:37:50] [Server thread/INFO]: Time elapsed: 10561 ms
[16:37:50] [Server thread/INFO]: [SetSpawn] Enabling SetSpawn v3.4
[16:37:50] [Server thread/INFO]: [SetSpawn] Enabled!
[16:37:50] [Server thread/INFO]: [ELCI] Enabling ELCI v1.12.1
[16:37:50] [Server thread/INFO]: [ELCI] Using host:port - 0.0.0.0:4711
[16:37:50] [Server thread/INFO]: [ELCI] ThreadListener Started
[16:37:50] [Server thread/INFO]: Server permissions file permissions.yml is empty, ignoring it
[16:37:50] [Server thread/INFO]: Done (10.700s)! For help, type "help"
[16:38:04] [Thread-1/INFO]: Stopping server
